<?xml version="1.0" encoding="UTF-8"?>
<!-- Generated by org.testng.reporters.JUnitReportReporter -->
<testsuite skipped="0" hostname="JARVIS" name="com.testngdemo.SecondModule" tests="2" failures="0" timestamp="13 Jul 2020 11:48:06 GMT" time="0.017" errors="0">
  <testcase name="methodOneTest" time="0.014" classname="com.testngdemo.SecondModule"/>
  <testcase name="methodTwoTest" time="0.003" classname="com.testngdemo.SecondModule"/>
</testsuite> <!-- com.testngdemo.SecondModule -->
