<?xml version="1.0" encoding="UTF-8"?>
<!-- Generated by org.testng.reporters.JUnitReportReporter -->
<testsuite skipped="0" hostname="JARVIS" name="com.testngdemo.MyTest" tests="2" failures="0" timestamp="13 Jul 2020 11:43:39 GMT" time="0.006" errors="0">
  <testcase name="testLogin" time="0.002" classname="com.testngdemo.MyTest"/>
  <testcase name="OpenBrowser" time="0.004" classname="com.testngdemo.MyTest"/>
</testsuite> <!-- com.testngdemo.MyTest -->
