<?xml version="1.0" encoding="UTF-8"?>
<!-- Generated by org.testng.reporters.JUnitReportReporter -->
<testsuite skipped="0" hostname="JARVIS" name="com.testngdemo.FirstModuleTests" tests="2" failures="0" timestamp="13 Jul 2020 11:48:06 GMT" time="0.003" errors="0">
  <testcase name="methodTwoTest" time="0.001" classname="com.testngdemo.FirstModuleTests"/>
  <testcase name="methodOneTest" time="0.002" classname="com.testngdemo.FirstModuleTests"/>
</testsuite> <!-- com.testngdemo.FirstModuleTests -->
