<?xml version="1.0" encoding="UTF-8"?>
<!-- Generated by org.testng.reporters.JUnitReportReporter -->
<testsuite skipped="0" hostname="JARVIS" name="testngdemo.MyTest" tests="1" failures="0" timestamp="13 Jul 2020 10:01:48 GMT" time="0.009" errors="0">
  <testcase name="Testfunc" time="0.009" classname="testngdemo.MyTest"/>
</testsuite> <!-- testngdemo.MyTest -->
