<?xml version="1.0" encoding="UTF-8"?>
<!-- Generated by org.testng.reporters.JUnitReportReporter -->
<testsuite skipped="0" hostname="JARVIS" name="com.project.test.RegisterTest" tests="1" failures="0" timestamp="2020-07-17T16:20:45 IST" time="53.081" errors="0">
  <testcase name="register" time="53.081" classname="com.project.test.RegisterTest"/>
  <system-out>
Navigating to authentication page. Filling up registration form. Registration form submitted! Successfully registered to the site. Signed out successfully!  </system-out>
</testsuite> <!-- com.project.test.RegisterTest -->
