<?xml version="1.0" encoding="UTF-8"?>
<!-- Generated by org.testng.reporters.JUnitReportReporter -->
<testsuite skipped="0" hostname="JARVIS" name="com.project.test.SearchTest" tests="1" failures="0" timestamp="2020-07-17T16:20:45 IST" time="23.866" errors="0">
  <testcase name="searchProduct" time="23.866" classname="com.project.test.SearchTest"/>
  <system-out>
Navigating to log in page. Attempting to log in. Log in was successful! Searching for a product 'shirt'... Matching products received! Signed out successfully!  </system-out>
</testsuite> <!-- com.project.test.SearchTest -->
