<?xml version="1.0" encoding="UTF-8"?>
<!-- Generated by org.testng.reporters.JUnitReportReporter -->
<testsuite skipped="0" hostname="JARVIS" name="com.project.test.LoginTest" tests="1" failures="0" timestamp="2020-07-17T16:20:45 IST" time="33.957" errors="0">
  <testcase name="login" time="33.957" classname="com.project.test.LoginTest"/>
  <system-out>
Navigating to authentication page. Attempting to log in. Log in was successful! Signed out successfully!  </system-out>
</testsuite> <!-- com.project.test.LoginTest -->
