<?xml version="1.0" encoding="UTF-8"?>
<!-- Generated by org.testng.reporters.JUnitReportReporter -->
<testsuite skipped="0" hostname="JARVIS" name="com.project.test.RegisterTest" tests="1" failures="0" timestamp="17 Jul 2020 14:16:58 GMT" time="24.379" errors="0">
  <testcase name="register" time="24.379" classname="com.project.test.RegisterTest"/>
</testsuite> <!-- com.project.test.RegisterTest -->
