<?xml version="1.0" encoding="UTF-8"?>
<!-- Generated by org.testng.reporters.JUnitReportReporter -->
<testsuite skipped="0" hostname="JARVIS" name="com.project.test.AddToCartTest" tests="1" failures="0" timestamp="17 Jul 2020 14:16:58 GMT" time="23.543" errors="0">
  <testcase name="addToCart" time="23.543" classname="com.project.test.AddToCartTest"/>
</testsuite> <!-- com.project.test.AddToCartTest -->
