<?xml version="1.0" encoding="UTF-8"?>
<!-- Generated by org.testng.reporters.JUnitReportReporter -->
<testsuite skipped="0" hostname="JARVIS" name="com.project.test.AddToCartTest" tests="1" failures="0" timestamp="17 Jul 2020 11:04:22 GMT" time="30.652" errors="0">
  <testcase name="addToCart" time="30.652" classname="com.project.test.AddToCartTest"/>
</testsuite> <!-- com.project.test.AddToCartTest -->
