<?xml version="1.0" encoding="UTF-8"?>
<!-- Generated by org.testng.reporters.JUnitReportReporter -->
<testsuite skipped="0" hostname="JARVIS" name="com.project.test.LoginTest" tests="1" failures="0" timestamp="17 Jul 2020 14:16:58 GMT" time="15.350" errors="0">
  <testcase name="login" time="15.350" classname="com.project.test.LoginTest"/>
</testsuite> <!-- com.project.test.LoginTest -->
