<?xml version="1.0" encoding="UTF-8"?>
<!-- Generated by org.testng.reporters.JUnitReportReporter -->
<testsuite skipped="0" hostname="JARVIS" name="com.project.test.SearchTest" tests="1" failures="0" timestamp="17 Jul 2020 11:04:22 GMT" time="24.789" errors="0">
  <testcase name="searchProduct" time="24.789" classname="com.project.test.SearchTest"/>
</testsuite> <!-- com.project.test.SearchTest -->
