<?xml version="1.0" encoding="UTF-8"?>
<!-- Generated by org.testng.reporters.JUnitReportReporter -->
<testsuite skipped="0" hostname="JARVIS" name="com.project.test.DisplayTestResults" tests="1" failures="0" timestamp="17 Jul 2020 07:33:53 GMT" time="1.133" errors="0">
  <testcase name="showResults" time="1.133" classname="com.project.test.DisplayTestResults"/>
</testsuite> <!-- com.project.test.DisplayTestResults -->
