<?xml version="1.0" encoding="UTF-8"?>
<!-- Generated by org.testng.reporters.JUnitReportReporter -->
<testsuite skipped="0" hostname="JARVIS" name="com.project.test.TestRunner" tests="1" failures="0" timestamp="16 Jul 2020 14:37:33 GMT" time="38.177" errors="0">
  <testcase name="register" time="38.177" classname="com.project.test.TestRunner"/>
</testsuite> <!-- com.project.test.TestRunner -->
