<?xml version="1.0" encoding="UTF-8"?>
<!-- Generated by org.testng.reporters.JUnitReportReporter -->
<testsuite skipped="0" hostname="JARVIS" name="com.project.test.GlobalDriver" tests="1" failures="0" timestamp="15 Jul 2020 09:56:14 GMT" time="6.014" errors="0">
  <testcase name="initDriver" time="6.014" classname="com.project.test.GlobalDriver"/>
</testsuite> <!-- com.project.test.GlobalDriver -->
