<?xml version="1.0" encoding="UTF-8"?>
<!-- Generated by org.testng.reporters.JUnitReportReporter -->
<testsuite skipped="0" hostname="JARVIS" name="com.project.test.SearchQueryTest" tests="3" failures="0" timestamp="15 Jul 2020 12:08:31 GMT" time="16.411" errors="0">
  <testcase name="gotoLoginForSearch" time="9.495" classname="com.project.test.SearchQueryTest"/>
  <testcase name="loginForSearch" time="4.393" classname="com.project.test.SearchQueryTest"/>
  <testcase name="search" time="2.523" classname="com.project.test.SearchQueryTest"/>
</testsuite> <!-- com.project.test.SearchQueryTest -->
