<?xml version="1.0" encoding="UTF-8"?>
<!-- Generated by org.testng.reporters.JUnitXMLReporter -->
<testsuite hostname="JARVIS" ignored="0" name="Test-AddToCart" tests="1" failures="0" timestamp="17 Jul 2020 14:16:58 GMT" time="28.86" errors="0">
  <testcase name="addToCart" time="23.543" classname="com.project.test.AddToCartTest"/>
</testsuite> <!-- Test-AddToCart -->
