<?xml version="1.0" encoding="UTF-8"?>
<!-- Generated by org.testng.reporters.JUnitXMLReporter -->
<testsuite hostname="JARVIS" ignored="0" name="Test-Search" tests="1" failures="0" timestamp="17 Jul 2020 11:03:46 GMT" time="30.731" errors="0">
  <testcase name="searchProduct" time="24.789" classname="com.project.test.SearchTest"/>
</testsuite> <!-- Test-Search -->
