<?xml version="1.0" encoding="UTF-8"?>
<!-- Generated by org.testng.reporters.JUnitXMLReporter -->
<testsuite hostname="JARVIS" ignored="0" name="Test-AddToCart" tests="1" failures="0" timestamp="17 Jul 2020 11:04:22 GMT" time="36.452" errors="0">
  <testcase name="addToCart" time="30.652" classname="com.project.test.AddToCartTest"/>
</testsuite> <!-- Test-AddToCart -->
