<?xml version="1.0" encoding="UTF-8"?>
<!-- Generated by org.testng.reporters.JUnitXMLReporter -->
<testsuite hostname="JARVIS" ignored="0" name="Test-Register" tests="1" failures="0" timestamp="17 Jul 2020 14:15:45 GMT" time="31.025" errors="0">
  <testcase name="register" time="24.379" classname="com.project.test.RegisterTest"/>
</testsuite> <!-- Test-Register -->
