<?xml version="1.0" encoding="UTF-8"?>
<!-- Generated by org.testng.reporters.JUnitXMLReporter -->
<testsuite hostname="JARVIS" ignored="0" name="Test-AddToCart" tests="1" failures="0" timestamp="17 Jul 2020 10:55:14 GMT" time="54.523" errors="0">
  <testcase name="addToCart" time="48.063" classname="com.project.test.AddToCartTest"/>
</testsuite> <!-- Test-AddToCart -->
