<?xml version="1.0" encoding="UTF-8"?>
<!-- Generated by org.testng.reporters.JUnitXMLReporter -->
<testsuite hostname="JARVIS" ignored="0" name="Test-Login" tests="1" failures="0" timestamp="17 Jul 2020 10:53:49 GMT" time="32.322" errors="0">
  <testcase name="login" time="25.085" classname="com.project.test.LoginTest"/>
</testsuite> <!-- Test-Login -->
